<?xml version="1.0" encoding="UTF-8"?>
<!-- Generated by org.testng.reporters.JUnitXMLReporter -->
<testsuite ignored="0" hostname="Anush" failures="0" tests="3" name="Test" time="89.856" errors="0" timestamp="2023-09-01T15:56:54 IST">
  <testcase classname="com.shopclues.testcases.ShopCluesFunctionalTestCases" name="verifyInvalidLoginErrors" time="17.825"/>
  <testcase classname="com.shopclues.testcases.ShopCluesFunctionalTestCases" name="verifyProductSearchFunctionality" time="49.85"/>
  <testcase classname="com.shopclues.testcases.ShopCluesFunctionalTestCases" name="verifyProductSearchResultCount" time="18.871"/>
</testsuite> <!-- Test -->
