<?xml version="1.0" encoding="UTF-8"?>
<testng-results ignored="0" total="3" passed="3" failed="0" skipped="0">
  <reporter-output>
  </reporter-output>
  <suite started-at="2023-09-01T15:55:25 IST" name="Suite" finished-at="2023-09-01T15:56:54 IST" duration-ms="89856">
    <groups>
    </groups>
    <test started-at="2023-09-01T15:55:25 IST" name="Test" finished-at="2023-09-01T15:56:54 IST" duration-ms="89856">
      <class name="com.shopclues.testcases.ShopCluesFunctionalTestCases">
        <test-method is-config="true" signature="setup()[pri:0, instance:com.shopclues.testcases.ShopCluesFunctionalTestCases@5c84624f]" started-at="2023-09-01T15:55:24 IST" name="setup" finished-at="2023-09-01T15:55:25 IST" duration-ms="290" status="PASS">
          <reporter-output>
          </reporter-output>
        </test-method> <!-- setup -->
        <test-method is-config="true" signature="testInitiation(java.lang.reflect.Method)[pri:0, instance:com.shopclues.testcases.ShopCluesFunctionalTestCases@5c84624f]" started-at="2023-09-01T15:55:25 IST" name="testInitiation" finished-at="2023-09-01T15:55:25 IST" duration-ms="34" status="PASS">
          <params>
            <param index="0">
              <value>
                <![CDATA[public void com.shopclues.testcases.ShopCluesFunctionalTestCases.verifyInvalidLoginErrors(java.lang.String) throws java.io.IOException]]>
              </value>
            </param>
          </params>
          <reporter-output>
          </reporter-output>
        </test-method> <!-- testInitiation -->
        <test-method signature="verifyInvalidLoginErrors(java.lang.String)[pri:0, instance:com.shopclues.testcases.ShopCluesFunctionalTestCases@5c84624f]" started-at="2023-09-01T15:55:25 IST" name="verifyInvalidLoginErrors" finished-at="2023-09-01T15:55:42 IST" duration-ms="17825" status="PASS">
          <params>
            <param index="0">
              <value>
                <![CDATA[Edge]]>
              </value>
            </param>
          </params>
          <reporter-output>
          </reporter-output>
        </test-method> <!-- verifyInvalidLoginErrors -->
        <test-method is-config="true" signature="getResult(org.testng.ITestResult)[pri:0, instance:com.shopclues.testcases.ShopCluesFunctionalTestCases@5c84624f]" started-at="2023-09-01T15:55:43 IST" name="getResult" finished-at="2023-09-01T15:55:44 IST" duration-ms="1571" status="PASS">
          <params>
            <param index="0">
              <value>
                <![CDATA[[TestResult name=verifyInvalidLoginErrors status=SUCCESS method=ShopCluesFunctionalTestCases.verifyInvalidLoginErrors(java.lang.String)[pri:0, instance:com.shopclues.testcases.ShopCluesFunctionalTestCases@5c84624f] output={null}]]]>
              </value>
            </param>
          </params>
          <reporter-output>
          </reporter-output>
        </test-method> <!-- getResult -->
        <test-method is-config="true" signature="testInitiation(java.lang.reflect.Method)[pri:0, instance:com.shopclues.testcases.ShopCluesFunctionalTestCases@5c84624f]" started-at="2023-09-01T15:55:44 IST" name="testInitiation" finished-at="2023-09-01T15:55:44 IST" duration-ms="1" status="PASS">
          <params>
            <param index="0">
              <value>
                <![CDATA[public void com.shopclues.testcases.ShopCluesFunctionalTestCases.verifyProductSearchFunctionality(java.lang.String) throws java.io.IOException]]>
              </value>
            </param>
          </params>
          <reporter-output>
          </reporter-output>
        </test-method> <!-- testInitiation -->
        <test-method signature="verifyProductSearchFunctionality(java.lang.String)[pri:0, instance:com.shopclues.testcases.ShopCluesFunctionalTestCases@5c84624f]" started-at="2023-09-01T15:55:44 IST" name="verifyProductSearchFunctionality" finished-at="2023-09-01T15:56:34 IST" duration-ms="49850" status="PASS">
          <params>
            <param index="0">
              <value>
                <![CDATA[Edge]]>
              </value>
            </param>
          </params>
          <reporter-output>
          </reporter-output>
        </test-method> <!-- verifyProductSearchFunctionality -->
        <test-method is-config="true" signature="getResult(org.testng.ITestResult)[pri:0, instance:com.shopclues.testcases.ShopCluesFunctionalTestCases@5c84624f]" started-at="2023-09-01T15:56:34 IST" name="getResult" finished-at="2023-09-01T15:56:35 IST" duration-ms="831" status="PASS">
          <params>
            <param index="0">
              <value>
                <![CDATA[[TestResult name=verifyProductSearchFunctionality status=SUCCESS method=ShopCluesFunctionalTestCases.verifyProductSearchFunctionality(java.lang.String)[pri:0, instance:com.shopclues.testcases.ShopCluesFunctionalTestCases@5c84624f] output={null}]]]>
              </value>
            </param>
          </params>
          <reporter-output>
          </reporter-output>
        </test-method> <!-- getResult -->
        <test-method is-config="true" signature="testInitiation(java.lang.reflect.Method)[pri:0, instance:com.shopclues.testcases.ShopCluesFunctionalTestCases@5c84624f]" started-at="2023-09-01T15:56:35 IST" name="testInitiation" finished-at="2023-09-01T15:56:35 IST" duration-ms="8" status="PASS">
          <params>
            <param index="0">
              <value>
                <![CDATA[public void com.shopclues.testcases.ShopCluesFunctionalTestCases.verifyProductSearchResultCount(java.lang.String) throws java.io.IOException]]>
              </value>
            </param>
          </params>
          <reporter-output>
          </reporter-output>
        </test-method> <!-- testInitiation -->
        <test-method signature="verifyProductSearchResultCount(java.lang.String)[pri:0, instance:com.shopclues.testcases.ShopCluesFunctionalTestCases@5c84624f]" started-at="2023-09-01T15:56:35 IST" name="verifyProductSearchResultCount" finished-at="2023-09-01T15:56:54 IST" duration-ms="18871" status="PASS">
          <params>
            <param index="0">
              <value>
                <![CDATA[Edge]]>
              </value>
            </param>
          </params>
          <reporter-output>
          </reporter-output>
        </test-method> <!-- verifyProductSearchResultCount -->
        <test-method is-config="true" signature="getResult(org.testng.ITestResult)[pri:0, instance:com.shopclues.testcases.ShopCluesFunctionalTestCases@5c84624f]" started-at="2023-09-01T15:56:54 IST" name="getResult" finished-at="2023-09-01T15:56:54 IST" duration-ms="729" status="PASS">
          <params>
            <param index="0">
              <value>
                <![CDATA[[TestResult name=verifyProductSearchResultCount status=SUCCESS method=ShopCluesFunctionalTestCases.verifyProductSearchResultCount(java.lang.String)[pri:0, instance:com.shopclues.testcases.ShopCluesFunctionalTestCases@5c84624f] output={null}]]]>
              </value>
            </param>
          </params>
          <reporter-output>
          </reporter-output>
        </test-method> <!-- getResult -->
      </class> <!-- com.shopclues.testcases.ShopCluesFunctionalTestCases -->
    </test> <!-- Test -->
  </suite> <!-- Suite -->
</testng-results>
